<!DOCTYPE html PUBLIC "-//W3C//DTD XHTML 1.1//EN" "https://www.w3.org/TR/xhtml11/DTD/xhtml11.dtd">
<html xmlns="https://www.w3.org/1999/xhtml">
<head>
<meta http-equiv="content-type" content="text/html; charset=UTF-8"/>
<title>TestNG Report</title>
<style type="text/css">table {margin-bottom:10px;border-collapse:collapse;empty-cells:show}th,td {border:1px solid #009;padding:.25em .5em}th {vertical-align:bottom}td {vertical-align:top}table a {font-weight:bold}.stripe td {background-color: #E6EBF9}.num {text-align:right}.passedodd td {background-color: #3F3}.passedeven td {background-color: #0A0}.skippedodd td {background-color: #DDD}.skippedeven td {background-color: #CCC}.failedodd td,.attn {background-color: #F33}.failedeven td,.stripe .attn {background-color: #D00}.stacktrace {white-space:pre;font-family:monospace}.totop {font-size:85%;text-align:center;border-bottom:2px solid #000}.invisible {display:none}</style>
</head>
<body>
<table>
<tr><th>Test</th><th># Passed</th><th># Skipped</th><th># Retried</th><th># Failed</th><th>Time (ms)</th><th>Included Groups</th><th>Excluded Groups</th></tr>
<tr><th colspan="8">Suite</th></tr>
<tr><td><a href="#t0">Test</a></td><td class="num">0</td><td class="num attn">14</td><td class="num">0</td><td class="num">0</td><td class="num">92</td><td></td><td></td></tr>
</table>
<table id='summary'><thead><tr><th>Class</th><th>Method</th><th>Start</th><th>Time (ms)</th></tr></thead><tbody><tr><th colspan="4">Suite</th></tr></tbody><tbody id="t0"><tr><th colspan="4">Test &#8212; failed (configuration methods)</th></tr><tr class="failedeven"><td rowspan="1">com.qa.tests.LoginTests</td><td><a href="#m0">beforeTest</a></td><td rowspan="1">1707672795571</td><td rowspan="1">10</td></tr><tr><th colspan="4">Test &#8212; skipped (configuration methods)</th></tr><tr class="skippedeven"><td rowspan="1">com.qa.tests.CartTests</td><td><a href="#m1">tearDownExtentReports</a></td><td rowspan="1">1707672795886</td><td rowspan="1">0</td></tr><tr class="skippedodd"><td rowspan="4">com.qa.tests.LoginTests</td><td><a href="#m2">afterTest</a></td><td rowspan="1">1707672795656</td><td rowspan="1">0</td></tr><tr class="skippedodd"><td><a href="#m3">beforeMethod</a></td><td rowspan="1">1707672795609</td><td rowspan="1">0</td></tr><tr class="skippedodd"><td><a href="#m4">reportTearDown</a></td><td rowspan="1">1707672795887</td><td rowspan="1">0</td></tr><tr class="skippedodd"><td><a href="#m5">tearDownExtentReports</a></td><td rowspan="1">1707672795884</td><td rowspan="1">0</td></tr><tr class="skippedeven"><td rowspan="1">com.qa.tests.ProductsTests</td><td><a href="#m6">tearDownExtentReports</a></td><td rowspan="1">1707672795885</td><td rowspan="1">0</td></tr><tr><th colspan="4">Test &#8212; skipped</th></tr><tr class="skippedeven"><td rowspan="8">com.qa.tests.CartTests</td><td><a href="#m7">clickCart</a></td><td rowspan="1">1707672795634</td><td rowspan="1">0</td></tr><tr class="skippedeven"><td><a href="#m8">clickCheckOut</a></td><td rowspan="1">1707672795637</td><td rowspan="1">1</td></tr><tr class="skippedeven"><td><a href="#m9">clickOnFinish</a></td><td rowspan="1">1707672795653</td><td rowspan="1">1</td></tr><tr class="skippedeven"><td><a href="#m10">cont</a></td><td rowspan="1">1707672795650</td><td rowspan="1">1</td></tr><tr class="skippedeven"><td><a href="#m11">enterFirstName</a></td><td rowspan="1">1707672795641</td><td rowspan="1">1</td></tr><tr class="skippedeven"><td><a href="#m12">enterLastName</a></td><td rowspan="1">1707672795645</td><td rowspan="1">0</td></tr><tr class="skippedeven"><td><a href="#m13">enterPostalCode</a></td><td rowspan="1">1707672795647</td><td rowspan="1">0</td></tr><tr class="skippedeven"><td><a href="#m14">swipingToFinishBtn</a></td><td rowspan="1">1707672795652</td><td rowspan="1">0</td></tr><tr class="skippedodd"><td rowspan="3">com.qa.tests.LoginTests</td><td><a href="#m15">invalidPassword</a></td><td rowspan="1">1707672795617</td><td rowspan="1">0</td></tr><tr class="skippedodd"><td><a href="#m16">invalidUserName</a></td><td rowspan="1">1707672795611</td><td rowspan="1">0</td></tr><tr class="skippedodd"><td><a href="#m17">successfulLogin</a></td><td rowspan="1">1707672795620</td><td rowspan="1">0</td></tr><tr class="skippedeven"><td rowspan="3">com.qa.tests.ProductsTests</td><td><a href="#m18">addCart</a></td><td rowspan="1">1707672795630</td><td rowspan="1">0</td></tr><tr class="skippedeven"><td><a href="#m19">pressBtn</a></td><td rowspan="1">1707672795623</td><td rowspan="1">0</td></tr><tr class="skippedeven"><td><a href="#m20">swipe</a></td><td rowspan="1">1707672795627</td><td rowspan="1">0</td></tr></tbody>
</table>
<h2>Test</h2><h3 id="m0">com.qa.tests.LoginTests#beforeTest</h3><table class="result"><tr class="param"><th>Parameter #1</th><th>Parameter #2</th></tr><tr class="param stripe"><td>iOS</td><td>iPhone 11</td></tr><tr><th colspan="2">Exception</th></tr><tr><td colspan="2"><div class="stacktrace">java.io.FileNotFoundException: Property file &apos;src/test/resources/config.properties&apos; not found in the classpath
	at com.qa.BaseTest.beforeTest(BaseTest.java:67)
... Removed 24 stack frames</div></td></tr></table><p class="totop"><a href="#summary">back to summary</a></p>
<h3 id="m1">com.qa.tests.CartTests#tearDownExtentReports</h3><table class="result"><tr><th class="invisible"/></tr></table><p class="totop"><a href="#summary">back to summary</a></p>
<h3 id="m2">com.qa.tests.LoginTests#afterTest</h3><table class="result"><tr><th class="invisible"/></tr></table><p class="totop"><a href="#summary">back to summary</a></p>
<h3 id="m3">com.qa.tests.LoginTests#beforeMethod</h3><table class="result"><tr><th class="invisible"/></tr></table><p class="totop"><a href="#summary">back to summary</a></p>
<h3 id="m4">com.qa.tests.LoginTests#reportTearDown</h3><table class="result"><tr><th class="invisible"/></tr></table><p class="totop"><a href="#summary">back to summary</a></p>
<h3 id="m5">com.qa.tests.LoginTests#tearDownExtentReports</h3><table class="result"><tr><th class="invisible"/></tr></table><p class="totop"><a href="#summary">back to summary</a></p>
<h3 id="m6">com.qa.tests.ProductsTests#tearDownExtentReports</h3><table class="result"><tr><th class="invisible"/></tr></table><p class="totop"><a href="#summary">back to summary</a></p>
<h3 id="m7">com.qa.tests.CartTests#clickCart</h3><table class="result"><tr><th>Exception</th></tr><tr><td><div class="stacktrace">java.io.FileNotFoundException: Property file &apos;src/test/resources/config.properties&apos; not found in the classpath
	at com.qa.BaseTest.beforeTest(BaseTest.java:67)
... Removed 24 stack frames</div></td></tr></table><p class="totop"><a href="#summary">back to summary</a></p>
<h3 id="m8">com.qa.tests.CartTests#clickCheckOut</h3><table class="result"><tr><th>Exception</th></tr><tr><td><div class="stacktrace">java.io.FileNotFoundException: Property file &apos;src/test/resources/config.properties&apos; not found in the classpath
	at com.qa.BaseTest.beforeTest(BaseTest.java:67)
... Removed 24 stack frames</div></td></tr></table><p class="totop"><a href="#summary">back to summary</a></p>
<h3 id="m9">com.qa.tests.CartTests#clickOnFinish</h3><table class="result"><tr><th>Exception</th></tr><tr><td><div class="stacktrace">java.lang.Throwable: Method com.qa.tests.CartTests.clickOnFinish() on instance com.qa.tests.CartTests@1f81aa00 depends on not successfully finished methods 
[com.qa.tests.CartTests.swipingToFinishBtn() on instance com.qa.tests.CartTests@1f81aa00]
	at java.base/java.util.ArrayList.forEach(ArrayList.java:1511)
... Removed 18 stack frames</div></td></tr></table><p class="totop"><a href="#summary">back to summary</a></p>
<h3 id="m10">com.qa.tests.CartTests#cont</h3><table class="result"><tr><th>Exception</th></tr><tr><td><div class="stacktrace">java.lang.Throwable: Method com.qa.tests.CartTests.cont() on instance com.qa.tests.CartTests@1f81aa00 depends on not successfully finished methods 
[com.qa.tests.CartTests.enterFirstName() on instance com.qa.tests.CartTests@1f81aa00
com.qa.tests.CartTests.enterPostalCode() on instance com.qa.tests.CartTests@1f81aa00
com.qa.tests.CartTests.enterLastName() on instance com.qa.tests.CartTests@1f81aa00]
	at java.base/java.util.ArrayList.forEach(ArrayList.java:1511)
... Removed 18 stack frames</div></td></tr></table><p class="totop"><a href="#summary">back to summary</a></p>
<h3 id="m11">com.qa.tests.CartTests#enterFirstName</h3><table class="result"><tr><th>Exception</th></tr><tr><td><div class="stacktrace">java.io.FileNotFoundException: Property file &apos;src/test/resources/config.properties&apos; not found in the classpath
	at com.qa.BaseTest.beforeTest(BaseTest.java:67)
... Removed 24 stack frames</div></td></tr></table><p class="totop"><a href="#summary">back to summary</a></p>
<h3 id="m12">com.qa.tests.CartTests#enterLastName</h3><table class="result"><tr><th>Exception</th></tr><tr><td><div class="stacktrace">java.io.FileNotFoundException: Property file &apos;src/test/resources/config.properties&apos; not found in the classpath
	at com.qa.BaseTest.beforeTest(BaseTest.java:67)
... Removed 24 stack frames</div></td></tr></table><p class="totop"><a href="#summary">back to summary</a></p>
<h3 id="m13">com.qa.tests.CartTests#enterPostalCode</h3><table class="result"><tr><th>Exception</th></tr><tr><td><div class="stacktrace">java.io.FileNotFoundException: Property file &apos;src/test/resources/config.properties&apos; not found in the classpath
	at com.qa.BaseTest.beforeTest(BaseTest.java:67)
... Removed 24 stack frames</div></td></tr></table><p class="totop"><a href="#summary">back to summary</a></p>
<h3 id="m14">com.qa.tests.CartTests#swipingToFinishBtn</h3><table class="result"><tr><th>Exception</th></tr><tr><td><div class="stacktrace">java.lang.Throwable: Method com.qa.tests.CartTests.swipingToFinishBtn() on instance com.qa.tests.CartTests@1f81aa00 depends on not successfully finished methods 
[com.qa.tests.CartTests.cont() on instance com.qa.tests.CartTests@1f81aa00]
	at java.base/java.util.ArrayList.forEach(ArrayList.java:1511)
... Removed 18 stack frames</div></td></tr></table><p class="totop"><a href="#summary">back to summary</a></p>
<h3 id="m15">com.qa.tests.LoginTests#invalidPassword</h3><table class="result"><tr><th>Exception</th></tr><tr><td><div class="stacktrace">java.lang.Throwable: Method com.qa.tests.LoginTests.invalidPassword() on instance com.qa.tests.LoginTests@7b7fdc8 depends on not successfully finished methods 
[com.qa.tests.LoginTests.invalidUserName() on instance com.qa.tests.LoginTests@7b7fdc8]
	at java.base/java.util.ArrayList.forEach(ArrayList.java:1511)
... Removed 18 stack frames</div></td></tr></table><p class="totop"><a href="#summary">back to summary</a></p>
<h3 id="m16">com.qa.tests.LoginTests#invalidUserName</h3><table class="result"><tr><th>Exception</th></tr><tr><td><div class="stacktrace">java.io.FileNotFoundException: Property file &apos;src/test/resources/config.properties&apos; not found in the classpath
	at com.qa.BaseTest.beforeTest(BaseTest.java:67)
... Removed 24 stack frames</div></td></tr></table><p class="totop"><a href="#summary">back to summary</a></p>
<h3 id="m17">com.qa.tests.LoginTests#successfulLogin</h3><table class="result"><tr><th>Exception</th></tr><tr><td><div class="stacktrace">java.lang.Throwable: Method com.qa.tests.LoginTests.successfulLogin() on instance com.qa.tests.LoginTests@7b7fdc8 depends on not successfully finished methods 
[com.qa.tests.LoginTests.invalidUserName() on instance com.qa.tests.LoginTests@7b7fdc8
com.qa.tests.LoginTests.invalidPassword() on instance com.qa.tests.LoginTests@7b7fdc8]
	at java.base/java.util.ArrayList.forEach(ArrayList.java:1511)
... Removed 18 stack frames</div></td></tr></table><p class="totop"><a href="#summary">back to summary</a></p>
<h3 id="m18">com.qa.tests.ProductsTests#addCart</h3><table class="result"><tr><th>Exception</th></tr><tr><td><div class="stacktrace">java.lang.Throwable: Method com.qa.tests.ProductsTests.addCart() on instance com.qa.tests.ProductsTests@43599640 depends on not successfully finished methods 
[com.qa.tests.ProductsTests.pressBtn() on instance com.qa.tests.ProductsTests@43599640
com.qa.tests.ProductsTests.swipe() on instance com.qa.tests.ProductsTests@43599640]
	at java.base/java.util.ArrayList.forEach(ArrayList.java:1511)
... Removed 18 stack frames</div></td></tr></table><p class="totop"><a href="#summary">back to summary</a></p>
<h3 id="m19">com.qa.tests.ProductsTests#pressBtn</h3><table class="result"><tr><th>Exception</th></tr><tr><td><div class="stacktrace">java.io.FileNotFoundException: Property file &apos;src/test/resources/config.properties&apos; not found in the classpath
	at com.qa.BaseTest.beforeTest(BaseTest.java:67)
... Removed 24 stack frames</div></td></tr></table><p class="totop"><a href="#summary">back to summary</a></p>
<h3 id="m20">com.qa.tests.ProductsTests#swipe</h3><table class="result"><tr><th>Exception</th></tr><tr><td><div class="stacktrace">java.lang.Throwable: Method com.qa.tests.ProductsTests.swipe() on instance com.qa.tests.ProductsTests@43599640 depends on not successfully finished methods 
[com.qa.tests.ProductsTests.pressBtn() on instance com.qa.tests.ProductsTests@43599640]
	at java.base/java.util.ArrayList.forEach(ArrayList.java:1511)
... Removed 18 stack frames</div></td></tr></table><p class="totop"><a href="#summary">back to summary</a></p>
</body>
</html>
